22:57:02.941 [main] DEBUG org.apache.poi.openxml4j.opc.PackageRelationshipCollection - Parsing relationship: /xl/worksheets/_rels/sheet1.xml.rels
22:57:02.952 [main] DEBUG org.apache.poi.openxml4j.opc.PackageRelationshipCollection - Parsing relationship: /_rels/.rels
22:57:02.958 [main] DEBUG org.apache.poi.ooxml.POIXMLFactory - using default POIXMLDocumentPart for http://schemas.openxmlformats.org/officeDocument/2006/relationships/printerSettings
22:57:02.965 [main] INFO  testCases.TC_003_LoginDDT - **** Starting TC_003_LoginDDT *****
22:57:13.912 [main] INFO  testCases.TC_003_LoginDDT - **** Starting TC_003_LoginDDT *****
22:57:24.652 [main] INFO  testCases.TC_003_LoginDDT - **** Finished TC_003_LoginDDT *****
22:57:24.654 [main] INFO  testCases.TC_003_LoginDDT - **** Starting TC_003_LoginDDT *****
22:57:35.491 [main] INFO  testCases.TC_003_LoginDDT - **** Finished TC_003_LoginDDT *****
22:57:35.493 [main] INFO  testCases.TC_003_LoginDDT - **** Starting TC_003_LoginDDT *****
22:57:46.307 [main] INFO  testCases.TC_003_LoginDDT - **** Finished TC_003_LoginDDT *****
22:57:46.309 [main] INFO  testCases.TC_003_LoginDDT - **** Starting TC_003_LoginDDT *****
22:58:41.044 [main] INFO  testCases.TC_001_AccountRegistrationTest - **** starting TC_001_AccountRegistrationTest  *****
22:58:41.047 [main] DEBUG testCases.TC_001_AccountRegistrationTest - application logs started......
22:58:41.306 [main] INFO  testCases.TC_001_AccountRegistrationTest - Clicked on MyAccount link
22:58:41.642 [main] INFO  testCases.TC_001_AccountRegistrationTest - Clicked on registration link
22:58:41.643 [main] INFO  testCases.TC_001_AccountRegistrationTest - Entering customer details.. 
22:58:44.565 [main] INFO  testCases.TC_001_AccountRegistrationTest - clicked on continue..
22:58:44.589 [main] INFO  testCases.TC_001_AccountRegistrationTest - Validating expected message..
22:58:44.591 [main] DEBUG testCases.TC_001_AccountRegistrationTest - application logs end.......
22:58:44.591 [main] INFO  testCases.TC_001_AccountRegistrationTest - **** finished TC_001_AccountRegistrationTest  *****
22:58:46.551 [main] INFO  testCases.TC_002_LoginTest - **** Starting TC_002_LoginTest  ****
22:58:46.551 [main] DEBUG testCases.TC_002_LoginTest - capturing application debug logs....
22:58:46.763 [main] INFO  testCases.TC_002_LoginTest - clicked on myaccount link on the home page..
22:58:47.140 [main] INFO  testCases.TC_002_LoginTest - clicked on login link under myaccount..
22:58:47.142 [main] INFO  testCases.TC_002_LoginTest - Entering valid email and password..
22:58:47.726 [main] INFO  testCases.TC_002_LoginTest - clicked on ligin button..
22:58:47.764 [main] INFO  testCases.TC_002_LoginTest - **** Finished TC_002_LoginTest  ****
23:18:48.032 [main] INFO  testCases.TC_001_AccountRegistrationTest - **** starting TC_001_AccountRegistrationTest  *****
23:18:48.034 [main] DEBUG testCases.TC_001_AccountRegistrationTest - application logs started......
23:18:48.314 [main] INFO  testCases.TC_001_AccountRegistrationTest - Clicked on MyAccount link
23:18:48.702 [main] INFO  testCases.TC_001_AccountRegistrationTest - Clicked on registration link
23:18:48.702 [main] INFO  testCases.TC_001_AccountRegistrationTest - Entering customer details.. 
23:18:51.639 [main] INFO  testCases.TC_001_AccountRegistrationTest - clicked on continue..
23:18:51.662 [main] INFO  testCases.TC_001_AccountRegistrationTest - Validating expected message..
23:18:51.664 [main] DEBUG testCases.TC_001_AccountRegistrationTest - application logs end.......
23:18:51.664 [main] INFO  testCases.TC_001_AccountRegistrationTest - **** finished TC_001_AccountRegistrationTest  *****
23:19:59.654 [main] INFO  testCases.TC_001_AccountRegistrationTest - **** starting TC_001_AccountRegistrationTest  *****
23:19:59.656 [main] DEBUG testCases.TC_001_AccountRegistrationTest - application logs started......
23:19:59.912 [main] INFO  testCases.TC_001_AccountRegistrationTest - Clicked on MyAccount link
23:20:00.354 [main] INFO  testCases.TC_001_AccountRegistrationTest - Clicked on registration link
23:20:00.354 [main] INFO  testCases.TC_001_AccountRegistrationTest - Entering customer details.. 
23:20:03.277 [main] INFO  testCases.TC_001_AccountRegistrationTest - clicked on continue..
23:20:13.316 [main] INFO  testCases.TC_001_AccountRegistrationTest - Validating expected message..
23:22:38.528 [main] INFO  testCases.TC_001_AccountRegistrationTest - **** starting TC_001_AccountRegistrationTest  *****
23:22:38.531 [main] DEBUG testCases.TC_001_AccountRegistrationTest - application logs started......
23:22:38.756 [main] INFO  testCases.TC_001_AccountRegistrationTest - Clicked on MyAccount link
23:22:39.116 [main] INFO  testCases.TC_001_AccountRegistrationTest - Clicked on registration link
23:22:39.116 [main] INFO  testCases.TC_001_AccountRegistrationTest - Entering customer details.. 
23:22:42.087 [main] INFO  testCases.TC_001_AccountRegistrationTest - clicked on continue..
